#
# There is insufficient memory for the Java Runtime Environment to continue.
# Native memory allocation (malloc) failed to allocate 32744 bytes for ChunkPool::allocate
# Possible reasons:
#   The system is out of physical RAM or swap space
#   In 32 bit mode, the process size limit was hit
# Possible solutions:
#   Reduce memory load on the system
#   Increase physical memory or swap space
#   Check if swap backing store is full
#   Use 64 bit Java on a 64 bit OS
#   Decrease Java heap size (-Xmx/-Xms)
#   Decrease number of Java threads
#   Decrease Java thread stack sizes (-Xss)
#   Set larger code cache with -XX:ReservedCodeCacheSize=
# This output file may be truncated or incomplete.
#
#  Out of Memory Error (allocation.cpp:273), pid=6960, tid=0x0000000000000a18
#
# JRE version: OpenJDK Runtime Environment (8.0_152-b02) (build 1.8.0_152-release-1024-b02)
# Java VM: OpenJDK 64-Bit Server VM (25.152-b02 mixed mode windows-amd64 compressed oops)
# Failed to write core dump. Minidumps are not enabled by default on client versions of Windows
#

---------------  T H R E A D  ---------------

Current thread (0x000000001ae5c800):  JavaThread "C2 CompilerThread0" daemon [_thread_in_native, id=2584, stack(0x000000001b640000,0x000000001b740000)]

Stack: [0x000000001b640000,0x000000001b740000]
[error occurred during error reporting (printing stack bounds), id 0xc0000005]

Native frames: (J=compiled Java code, j=interpreted, Vv=VM code, C=native code)


Current CompileTask:
C2:   2503 1453   !   4       java.net.URLClassLoader$1::run (63 bytes)


---------------  P R O C E S S  ---------------

Java Threads: ( => current thread )
  0x000000001cf46000 JavaThread "Cache worker for file hash cache (C:\Users\Endo\AndroidStudioProjects\Pyvela\.gradle\4.4\fileHashes)" [_thread_blocked, id=2148, stack(0x000000001f980000,0x000000001fa80000)]
  0x000000001d0f9000 JavaThread "File lock request listener" [_thread_in_native, id=9428, stack(0x000000001e8b0000,0x000000001e9b0000)]
  0x000000001cec7800 JavaThread "Cache worker for file hash cache (C:\Users\Endo\.gradle\caches\4.4\fileHashes)" [_thread_blocked, id=13148, stack(0x000000001e7b0000,0x000000001e8b0000)]
  0x000000001ccbe800 JavaThread "Stdin handler" [_thread_blocked, id=1340, stack(0x000000001e3b0000,0x000000001e4b0000)]
  0x000000001ccbd800 JavaThread "Asynchronous log dispatcher for DefaultDaemonConnection: socket connection from /127.0.0.1:63739 to /127.0.0.1:63740" [_thread_blocked, id=8188, stack(0x000000001e2b0000,0x000000001e3b0000)]
  0x000000001cc63000 JavaThread "Daemon worker" [_thread_in_vm, id=5452, stack(0x000000001e1b0000,0x000000001e2b0000)]
  0x000000001cc6b000 JavaThread "Cancel handler" [_thread_blocked, id=444, stack(0x000000001e0b0000,0x000000001e1b0000)]
  0x000000001cdf0000 JavaThread "Handler for socket connection from /127.0.0.1:63739 to /127.0.0.1:63740" [_thread_in_native, id=12072, stack(0x000000001ddb0000,0x000000001deb0000)]
  0x000000001cded000 JavaThread "Daemon" [_thread_blocked, id=13136, stack(0x000000001dcb0000,0x000000001ddb0000)]
  0x000000001cdaa800 JavaThread "Daemon periodic checks" [_thread_blocked, id=9984, stack(0x000000001dbb0000,0x000000001dcb0000)]
  0x000000001cda9800 JavaThread "Incoming local TCP Connector on port 63739" [_thread_in_native, id=6844, stack(0x000000001d970000,0x000000001da70000)]
  0x000000001aefd800 JavaThread "Service Thread" daemon [_thread_blocked, id=4912, stack(0x000000001ba40000,0x000000001bb40000)]
  0x000000001ae6b800 JavaThread "C1 CompilerThread3" daemon [_thread_blocked, id=13168, stack(0x000000001b940000,0x000000001ba40000)]
  0x000000001ae64000 JavaThread "C2 CompilerThread2" daemon [_thread_in_native, id=1920, stack(0x000000001b840000,0x000000001b940000)]
  0x000000001ae62000 JavaThread "C2 CompilerThread1" daemon [_thread_in_native, id=11944, stack(0x000000001b740000,0x000000001b840000)]
=>0x000000001ae5c800 JavaThread "C2 CompilerThread0" daemon [_thread_in_native, id=2584, stack(0x000000001b640000,0x000000001b740000)]
  0x000000001ae5a000 JavaThread "Attach Listener" daemon [_thread_blocked, id=1768, stack(0x000000001b540000,0x000000001b640000)]
  0x000000001ae59000 JavaThread "Signal Dispatcher" daemon [_thread_blocked, id=12640, stack(0x000000001b440000,0x000000001b540000)]
  0x0000000005179000 JavaThread "Finalizer" daemon [_thread_blocked, id=6516, stack(0x000000001b230000,0x000000001b330000)]
  0x0000000018f3b800 JavaThread "Reference Handler" daemon [_thread_blocked, id=6612, stack(0x000000001ad30000,0x000000001ae30000)]
  0x0000000004f3d800 JavaThread "main" [_thread_blocked, id=7560, stack(0x0000000004f80000,0x0000000005080000)]

Other Threads:
  0x0000000018f37000 VMThread [stack: 0x000000001ac30000,0x000000001ad30000] [id=380]
  0x000000001af06800 WatcherThread [stack: 0x000000001bb40000,0x000000001bc40000] [id=9728]

VM state:not at safepoint (normal execution)

VM Mutex/Monitor currently owned by a thread: None

Heap:
 PSYoungGen      total 38400K, used 13944K [0x00000000e0000000, 0x00000000e2a80000, 0x0000000100000000)
  eden space 33280K, 26% used [0x00000000e0000000,0x00000000e08a63c8,0x00000000e2080000)
  from space 5120K, 99% used [0x00000000e2580000,0x00000000e2a78020,0x00000000e2a80000)
  to   space 5120K, 0% used [0x00000000e2080000,0x00000000e2080000,0x00000000e2580000)
 ParOldGen       total 87552K, used 6018K [0x00000000a0000000, 0x00000000a5580000, 0x00000000e0000000)
  object space 87552K, 6% used [0x00000000a0000000,0x00000000a05e0bc8,0x00000000a5580000)
 Metaspace       used 18891K, capacity 19310K, committed 19584K, reserved 1067008K
  class space    used 2730K, capacity 2881K, committed 2944K, reserved 1048576K

Card table byte_map: [0x0000000014540000,0x0000000014850000] byte_map_base: 0x0000000014040000

Marking Bits: (ParMarkBitMap*) 0x000000006f7a4970
 Begin Bits: [0x0000000015250000, 0x0000000016a50000)
 End Bits:   [0x0000000016a50000, 0x0000000018250000)

Polling page: 0x00000000036a0000

CodeCache: size=245760Kb used=5455Kb max_used=5455Kb free=240304Kb
 bounds [0x0000000005180000, 0x00000000056e0000, 0x0000000014180000]
 total_blobs=1995 nmethods=1615 adapters=293
 compilation: enabled

Compilation events (10 events):
Event: 2.477 Thread 0x000000001ae64000 nmethod 1613 0x00000000056cd450 code [0x00000000056cd5c0, 0x00000000056cdb88]
Event: 2.477 Thread 0x000000001ae64000 1614   !   4       java.lang.ClassLoader::getPackage (118 bytes)
Event: 2.479 Thread 0x000000001ae6b800 1615       3       sun.reflect.generics.parser.SignatureParser::parsePackageNameAndSimpleClassTypeSignature (139 bytes)
Event: 2.481 Thread 0x000000001ae6b800 nmethod 1615 0x00000000056d3650 code [0x00000000056d39a0, 0x00000000056d5368]
Event: 2.481 Thread 0x000000001ae6b800 1616       3       sun.reflect.generics.parser.SignatureParser::parseClassTypeSignature (118 bytes)
Event: 2.483 Thread 0x000000001ae6b800 nmethod 1616 0x00000000056d6190 code [0x00000000056d6520, 0x00000000056d7f28]
Event: 2.483 Thread 0x000000001ae6b800 1618       3       java.util.concurrent.locks.AbstractQueuedSynchronizer::release (33 bytes)
Event: 2.483 Thread 0x000000001ae6b800 nmethod 1618 0x00000000056cced0 code [0x00000000056cd040, 0x00000000056cd358]
Event: 2.483 Thread 0x000000001ae6b800 1617       3       sun.reflect.generics.parser.SignatureParser::parseClassTypeSignatureSuffix (29 bytes)
Event: 2.484 Thread 0x000000001ae6b800 nmethod 1617 0x00000000056d2fd0 code [0x00000000056d3180, 0x00000000056d34f8]

GC Heap History (8 events):
Event: 0.686 GC heap before
{Heap before GC invocations=1 (full 0):
 PSYoungGen      total 38400K, used 33280K [0x00000000e0000000, 0x00000000e2a80000, 0x0000000100000000)
  eden space 33280K, 100% used [0x00000000e0000000,0x00000000e2080000,0x00000000e2080000)
  from space 5120K, 0% used [0x00000000e2580000,0x00000000e2580000,0x00000000e2a80000)
  to   space 5120K, 0% used [0x00000000e2080000,0x00000000e2080000,0x00000000e2580000)
 ParOldGen       total 87552K, used 0K [0x00000000a0000000, 0x00000000a5580000, 0x00000000e0000000)
  object space 87552K, 0% used [0x00000000a0000000,0x00000000a0000000,0x00000000a5580000)
 Metaspace       used 6890K, capacity 7056K, committed 7424K, reserved 1056768K
  class space    used 843K, capacity 909K, committed 1024K, reserved 1048576K
Event: 0.690 GC heap after
Heap after GC invocations=1 (full 0):
 PSYoungGen      total 38400K, used 4242K [0x00000000e0000000, 0x00000000e2a80000, 0x0000000100000000)
  eden space 33280K, 0% used [0x00000000e0000000,0x00000000e0000000,0x00000000e2080000)
  from space 5120K, 82% used [0x00000000e2080000,0x00000000e24a4be8,0x00000000e2580000)
  to   space 5120K, 0% used [0x00000000e2580000,0x00000000e2580000,0x00000000e2a80000)
 ParOldGen       total 87552K, used 8K [0x00000000a0000000, 0x00000000a5580000, 0x00000000e0000000)
  object space 87552K, 0% used [0x00000000a0000000,0x00000000a0002000,0x00000000a5580000)
 Metaspace       used 6890K, capacity 7056K, committed 7424K, reserved 1056768K
  class space    used 843K, capacity 909K, committed 1024K, reserved 1048576K
}
Event: 1.498 GC heap before
{Heap before GC invocations=2 (full 0):
 PSYoungGen      total 38400K, used 37522K [0x00000000e0000000, 0x00000000e2a80000, 0x0000000100000000)
  eden space 33280K, 100% used [0x00000000e0000000,0x00000000e2080000,0x00000000e2080000)
  from space 5120K, 82% used [0x00000000e2080000,0x00000000e24a4be8,0x00000000e2580000)
  to   space 5120K, 0% used [0x00000000e2580000,0x00000000e2580000,0x00000000e2a80000)
 ParOldGen       total 87552K, used 8K [0x00000000a0000000, 0x00000000a5580000, 0x00000000e0000000)
  object space 87552K, 0% used [0x00000000a0000000,0x00000000a0002000,0x00000000a5580000)
 Metaspace       used 11636K, capacity 11966K, committed 12160K, reserved 1060864K
  class space    used 1538K, capacity 1641K, committed 1664K, reserved 1048576K
Event: 1.504 GC heap after
Heap after GC invocations=2 (full 0):
 PSYoungGen      total 38400K, used 5119K [0x00000000e0000000, 0x00000000e2a80000, 0x0000000100000000)
  eden space 33280K, 0% used [0x00000000e0000000,0x00000000e0000000,0x00000000e2080000)
  from space 5120K, 99% used [0x00000000e2580000,0x00000000e2a7ff10,0x00000000e2a80000)
  to   space 5120K, 0% used [0x00000000e2080000,0x00000000e2080000,0x00000000e2580000)
 ParOldGen       total 87552K, used 610K [0x00000000a0000000, 0x00000000a5580000, 0x00000000e0000000)
  object space 87552K, 0% used [0x00000000a0000000,0x00000000a0098988,0x00000000a5580000)
 Metaspace       used 11636K, capacity 11966K, committed 12160K, reserved 1060864K
  class space    used 1538K, capacity 1641K, committed 1664K, reserved 1048576K
}
Event: 1.867 GC heap before
{Heap before GC invocations=3 (full 0):
 PSYoungGen      total 38400K, used 38399K [0x00000000e0000000, 0x00000000e2a80000, 0x0000000100000000)
  eden space 33280K, 100% used [0x00000000e0000000,0x00000000e2080000,0x00000000e2080000)
  from space 5120K, 99% used [0x00000000e2580000,0x00000000e2a7ff10,0x00000000e2a80000)
  to   space 5120K, 0% used [0x00000000e2080000,0x00000000e2080000,0x00000000e2580000)
 ParOldGen       total 87552K, used 610K [0x00000000a0000000, 0x00000000a5580000, 0x00000000e0000000)
  object space 87552K, 0% used [0x00000000a0000000,0x00000000a0098988,0x00000000a5580000)
 Metaspace       used 14457K, capacity 14874K, committed 14976K, reserved 1062912K
  class space    used 2023K, capacity 2159K, committed 2176K, reserved 1048576K
Event: 1.873 GC heap after
Heap after GC invocations=3 (full 0):
 PSYoungGen      total 38400K, used 5088K [0x00000000e0000000, 0x00000000e2a80000, 0x0000000100000000)
  eden space 33280K, 0% used [0x00000000e0000000,0x00000000e0000000,0x00000000e2080000)
  from space 5120K, 99% used [0x00000000e2080000,0x00000000e25781e8,0x00000000e2580000)
  to   space 5120K, 0% used [0x00000000e2580000,0x00000000e2580000,0x00000000e2a80000)
 ParOldGen       total 87552K, used 2640K [0x00000000a0000000, 0x00000000a5580000, 0x00000000e0000000)
  object space 87552K, 3% used [0x00000000a0000000,0x00000000a02942a8,0x00000000a5580000)
 Metaspace       used 14457K, capacity 14874K, committed 14976K, reserved 1062912K
  class space    used 2023K, capacity 2159K, committed 2176K, reserved 1048576K
}
Event: 2.344 GC heap before
{Heap before GC invocations=4 (full 0):
 PSYoungGen      total 38400K, used 38368K [0x00000000e0000000, 0x00000000e2a80000, 0x0000000100000000)
  eden space 33280K, 100% used [0x00000000e0000000,0x00000000e2080000,0x00000000e2080000)
  from space 5120K, 99% used [0x00000000e2080000,0x00000000e25781e8,0x00000000e2580000)
  to   space 5120K, 0% used [0x00000000e2580000,0x00000000e2580000,0x00000000e2a80000)
 ParOldGen       total 87552K, used 2640K [0x00000000a0000000, 0x00000000a5580000, 0x00000000e0000000)
  object space 87552K, 3% used [0x00000000a0000000,0x00000000a02942a8,0x00000000a5580000)
 Metaspace       used 17730K, capacity 18158K, committed 18432K, reserved 1064960K
  class space    used 2562K, capacity 2689K, committed 2816K, reserved 1048576K
Event: 2.354 GC heap after
Heap after GC invocations=4 (full 0):
 PSYoungGen      total 38400K, used 5088K [0x00000000e0000000, 0x00000000e2a80000, 0x0000000100000000)
  eden space 33280K, 0% used [0x00000000e0000000,0x00000000e0000000,0x00000000e2080000)
  from space 5120K, 99% used [0x00000000e2580000,0x00000000e2a78020,0x00000000e2a80000)
  to   space 5120K, 0% used [0x00000000e2080000,0x00000000e2080000,0x00000000e2580000)
 ParOldGen       total 87552K, used 6018K [0x00000000a0000000, 0x00000000a5580000, 0x00000000e0000000)
  object space 87552K, 6% used [0x00000000a0000000,0x00000000a05e0bc8,0x00000000a5580000)
 Metaspace       used 17730K, capacity 18158K, committed 18432K, reserved 1064960K
  class space    used 2562K, capacity 2689K, committed 2816K, reserved 1048576K
}

Deoptimization events (10 events):
Event: 1.866 Thread 0x000000001cc63000 Uncommon trap: reason=unstable_if action=reinterpret pc=0x00000000055e82b4 method=java.lang.String.lastIndexOf([CII[CIII)I @ 66
Event: 2.128 Thread 0x000000001cc63000 Uncommon trap: reason=unstable_if action=reinterpret pc=0x00000000052d5f88 method=java.net.URI.match(CJJ)Z @ 19
Event: 2.128 Thread 0x000000001cc63000 Uncommon trap: reason=unstable_if action=reinterpret pc=0x00000000054286c0 method=java.net.URI.match(CJJ)Z @ 19
Event: 2.168 Thread 0x000000001cc63000 Uncommon trap: reason=unstable_if action=reinterpret pc=0x000000000541c500 method=java.io.File.getName()Ljava/lang/String; @ 16
Event: 2.242 Thread 0x000000001cc63000 Uncommon trap: reason=bimorphic action=maybe_recompile pc=0x00000000055f5c1c method=java.lang.ClassLoader.loadClass(Ljava/lang/String;Z)Ljava/lang/Class; @ 38
Event: 2.244 Thread 0x000000001cc63000 Uncommon trap: reason=bimorphic action=maybe_recompile pc=0x00000000055f5c1c method=java.lang.ClassLoader.loadClass(Ljava/lang/String;Z)Ljava/lang/Class; @ 38
Event: 2.244 Thread 0x000000001cc63000 Uncommon trap: reason=bimorphic action=maybe_recompile pc=0x00000000055f5c1c method=java.lang.ClassLoader.loadClass(Ljava/lang/String;Z)Ljava/lang/Class; @ 38
Event: 2.245 Thread 0x000000001cc63000 Uncommon trap: reason=bimorphic action=maybe_recompile pc=0x00000000055f5c1c method=java.lang.ClassLoader.loadClass(Ljava/lang/String;Z)Ljava/lang/Class; @ 38
Event: 2.357 Thread 0x000000001cc63000 Uncommon trap: reason=unstable_if action=reinterpret pc=0x00000000054552dc method=java.lang.AbstractStringBuilder.append(Ljava/lang/String;)Ljava/lang/AbstractStringBuilder; @ 1
Event: 2.357 Thread 0x000000001cc63000 Uncommon trap: reason=unstable_if action=reinterpret pc=0x000000000539a93c method=java.lang.AbstractStringBuilder.append(Ljava/lang/String;)Ljava/lang/AbstractStringBuilder; @ 1

Classes redefined (0 events):
No events

Internal exceptions (10 events):
Event: 2.286 Thread 0x000000001cc63000 Exception <a 'java/lang/NoSuchMethodError': <clinit>> (0x00000000e1c7a1a8) thrown at [D:\src\AOSP-openjdk-cygwin\jdk8u\hotspot\src\share\vm\prims\jni.cpp, line 1613]
Event: 2.287 Thread 0x000000001cc63000 Exception <a 'java/lang/NoSuchMethodError': <clinit>> (0x00000000e1c8a508) thrown at [D:\src\AOSP-openjdk-cygwin\jdk8u\hotspot\src\share\vm\prims\jni.cpp, line 1613]
Event: 2.288 Thread 0x000000001cc63000 Exception <a 'java/lang/NoSuchMethodError': <clinit>> (0x00000000e1c99968) thrown at [D:\src\AOSP-openjdk-cygwin\jdk8u\hotspot\src\share\vm\prims\jni.cpp, line 1613]
Event: 2.289 Thread 0x000000001cc63000 Exception <a 'java/lang/NoSuchMethodError': <clinit>> (0x00000000e1c9f350) thrown at [D:\src\AOSP-openjdk-cygwin\jdk8u\hotspot\src\share\vm\prims\jni.cpp, line 1613]
Event: 2.289 Thread 0x000000001cc63000 Exception <a 'java/lang/NoSuchMethodError': <clinit>> (0x00000000e1cabf90) thrown at [D:\src\AOSP-openjdk-cygwin\jdk8u\hotspot\src\share\vm\prims\jni.cpp, line 1613]
Event: 2.295 Thread 0x000000001cc63000 Exception <a 'java/lang/NoSuchMethodError': <clinit>> (0x00000000e1cfe220) thrown at [D:\src\AOSP-openjdk-cygwin\jdk8u\hotspot\src\share\vm\prims\jni.cpp, line 1613]
Event: 2.295 Thread 0x000000001cc63000 Exception <a 'java/lang/NoSuchMethodError': <clinit>> (0x00000000e1d01ee0) thrown at [D:\src\AOSP-openjdk-cygwin\jdk8u\hotspot\src\share\vm\prims\jni.cpp, line 1613]
Event: 2.295 Thread 0x000000001cc63000 Exception <a 'java/lang/NoSuchMethodError': <clinit>> (0x00000000e1d039e8) thrown at [D:\src\AOSP-openjdk-cygwin\jdk8u\hotspot\src\share\vm\prims\jni.cpp, line 1613]
Event: 2.357 Thread 0x000000001cc63000 Implicit null exception at 0x0000000005454f19 to 0x00000000054552c5
Event: 2.357 Thread 0x000000001cc63000 Implicit null exception at 0x000000000539a517 to 0x000000000539a925

Events (10 events):
Event: 2.496 loading class org/codehaus/groovy/ast/expr/StaticMethodCallExpression
Event: 2.496 loading class org/codehaus/groovy/ast/expr/StaticMethodCallExpression done
Event: 2.496 loading class org/codehaus/groovy/ast/expr/MapEntryExpression
Event: 2.496 loading class org/codehaus/groovy/ast/expr/MapEntryExpression done
Event: 2.497 loading class org/codehaus/groovy/ast/expr/EmptyExpression
Event: 2.497 loading class org/codehaus/groovy/ast/expr/EmptyExpression done
Event: 2.497 loading class org/codehaus/groovy/control/OptimizerVisitor
Event: 2.497 loading class org/codehaus/groovy/control/OptimizerVisitor done
Event: 2.498 loading class org/codehaus/groovy/transform/ASTTransformationVisitor
Event: 2.498 loading class org/codehaus/groovy/transform/ASTTransformationVisitor done


Dynamic libraries:
0x00007ff6d39d0000 - 0x00007ff6d3a01000 	C:\Program Files\Android\Android Studio\jre\bin\java.exe
0x00007ffd418d0000 - 0x00007ffd41ab0000 	C:\Windows\SYSTEM32\ntdll.dll
0x00007ffd3eda0000 - 0x00007ffd3ee4e000 	C:\Windows\System32\KERNEL32.DLL
0x00007ffd3ea60000 - 0x00007ffd3ecc6000 	C:\Windows\System32\KERNELBASE.dll
0x00007ffd3fac0000 - 0x00007ffd3fb61000 	C:\Windows\System32\ADVAPI32.dll
0x00007ffd3fca0000 - 0x00007ffd3fd3d000 	C:\Windows\System32\msvcrt.dll
0x00007ffd3ee70000 - 0x00007ffd3eecb000 	C:\Windows\System32\sechost.dll
0x00007ffd3eed0000 - 0x00007ffd3efef000 	C:\Windows\System32\RPCRT4.dll
0x00007ffd3f690000 - 0x00007ffd3f81f000 	C:\Windows\System32\USER32.dll
0x00007ffd3dd30000 - 0x00007ffd3dd50000 	C:\Windows\System32\win32u.dll
0x00007ffd40290000 - 0x00007ffd402b8000 	C:\Windows\System32\GDI32.dll
0x00007ffd3e720000 - 0x00007ffd3e8b3000 	C:\Windows\System32\gdi32full.dll
0x00007ffd3e8c0000 - 0x00007ffd3e95b000 	C:\Windows\System32\msvcp_win.dll
0x00007ffd3e960000 - 0x00007ffd3ea55000 	C:\Windows\System32\ucrtbase.dll
0x00007ffd2f070000 - 0x00007ffd2f2d9000 	C:\Windows\WinSxS\amd64_microsoft.windows.common-controls_6595b64144ccf1df_6.0.16299.547_none_15cdd76c936033f5\COMCTL32.dll
0x00007ffd3f260000 - 0x00007ffd3f567000 	C:\Windows\System32\combase.dll
0x00007ffd3ed20000 - 0x00007ffd3ed92000 	C:\Windows\System32\bcryptPrimitives.dll
0x00007ffd3eff0000 - 0x00007ffd3f01d000 	C:\Windows\System32\IMM32.DLL
0x000000006edf0000 - 0x000000006eec2000 	C:\Program Files\Android\Android Studio\jre\jre\bin\msvcr100.dll
0x000000006efe0000 - 0x000000006f81f000 	C:\Program Files\Android\Android Studio\jre\jre\bin\server\jvm.dll
0x00007ffd3f250000 - 0x00007ffd3f258000 	C:\Windows\System32\PSAPI.DLL
0x00007ffd39370000 - 0x00007ffd39379000 	C:\Windows\SYSTEM32\WSOCK32.dll
0x00007ffd3bed0000 - 0x00007ffd3bef3000 	C:\Windows\SYSTEM32\WINMM.dll
0x00007ffd34220000 - 0x00007ffd3422a000 	C:\Windows\SYSTEM32\VERSION.dll
0x00007ffd3fa50000 - 0x00007ffd3fabc000 	C:\Windows\System32\WS2_32.dll
0x00007ffd3be70000 - 0x00007ffd3be9a000 	C:\Windows\SYSTEM32\WINMMBASE.dll
0x00007ffd3ecd0000 - 0x00007ffd3ed1a000 	C:\Windows\System32\cfgmgr32.dll
0x00007ffd39070000 - 0x00007ffd3907f000 	C:\Program Files\Android\Android Studio\jre\jre\bin\verify.dll
0x00007ffd31960000 - 0x00007ffd31989000 	C:\Program Files\Android\Android Studio\jre\jre\bin\java.dll
0x00007ffd347b0000 - 0x00007ffd347c6000 	C:\Program Files\Android\Android Studio\jre\jre\bin\zip.dll
0x00007ffd402c0000 - 0x00007ffd416f8000 	C:\Windows\System32\SHELL32.dll
0x00007ffd3f9a0000 - 0x00007ffd3fa46000 	C:\Windows\System32\shcore.dll
0x00007ffd3dd50000 - 0x00007ffd3e497000 	C:\Windows\System32\windows.storage.dll
0x00007ffd3fc40000 - 0x00007ffd3fc91000 	C:\Windows\System32\shlwapi.dll
0x00007ffd3dcb0000 - 0x00007ffd3dcc1000 	C:\Windows\System32\kernel.appcore.dll
0x00007ffd3dc20000 - 0x00007ffd3dc6c000 	C:\Windows\System32\powrprof.dll
0x00007ffd3dc70000 - 0x00007ffd3dc8b000 	C:\Windows\System32\profapi.dll
0x00007ffd2f340000 - 0x00007ffd2f35a000 	C:\Program Files\Android\Android Studio\jre\jre\bin\net.dll
0x00007ffd3d450000 - 0x00007ffd3d4b6000 	C:\Windows\system32\mswsock.dll
0x00007ffd2ee60000 - 0x00007ffd2ee71000 	C:\Program Files\Android\Android Studio\jre\jre\bin\nio.dll
0x00007ffd2c5e0000 - 0x00007ffd2c5fe000 	C:\Users\Endo\.gradle\native\25\windows-amd64\native-platform.dll
0x00007ffd342b0000 - 0x00007ffd342bd000 	C:\Program Files\Android\Android Studio\jre\jre\bin\management.dll
0x00007ffd3d610000 - 0x00007ffd3d627000 	C:\Windows\SYSTEM32\CRYPTSP.dll
0x00007ffd3d050000 - 0x00007ffd3d083000 	C:\Windows\system32\rsaenh.dll
0x00007ffd3d720000 - 0x00007ffd3d745000 	C:\Windows\SYSTEM32\bcrypt.dll
0x00007ffd3db20000 - 0x00007ffd3db49000 	C:\Windows\SYSTEM32\USERENV.dll
0x00007ffd3d630000 - 0x00007ffd3d63b000 	C:\Windows\SYSTEM32\CRYPTBASE.dll
0x00007ffd3d1e0000 - 0x00007ffd3d219000 	C:\Windows\SYSTEM32\IPHLPAPI.DLL
0x00007ffd3f990000 - 0x00007ffd3f998000 	C:\Windows\System32\NSI.dll
0x00007ffd38110000 - 0x00007ffd38126000 	C:\Windows\SYSTEM32\dhcpcsvc6.DLL
0x00007ffd38640000 - 0x00007ffd3865a000 	C:\Windows\SYSTEM32\dhcpcsvc.DLL

VM Arguments:
jvm_args: -Xmx1536m -Dfile.encoding=windows-1251 -Duser.country=RU -Duser.language=ru -Duser.variant 
java_command: org.gradle.launcher.daemon.bootstrap.GradleDaemon 4.4
java_class_path (initial): C:\Users\Endo\.gradle\wrapper\dists\gradle-4.4-all\9br9xq1tocpiv8o6njlyu5op1\gradle-4.4\lib\gradle-launcher-4.4.jar
Launcher Type: SUN_STANDARD

Environment Variables:
JAVA_HOME=C:\Program Files (x86)\Java\jdk1.8.0_172
PATH=C:\Program Files (x86)\Common Files\Oracle\Java\javapath;C:\Windows\system32;C:\Windows;C:\Windows\System32\Wbem;C:\Windows\System32\WindowsPowerShell\v1.0\;C:\Program Files\dotnet\;C:\Program Files\Git\cmd;C:\Program Files (x86)\NVIDIA Corporation\PhysX\Common;C:\Program Files (x86)\Common Files\Acronis\SnapAPI\;C:\Program Files\Microsoft VS Code\bin;C:\Users\Endo\AppData\Local\Microsoft\WindowsApps;C:\Users\Endo\AppData\Local\atom\bin;C:\MinGW\bin;C:\Program Files\Java\jdk1.8.0_172\bin;C:\Program Files\Java\jdk1.8.0_172\bin\javac.exe;C:\Users\Endo\AppData\Local\Programs\Python\Python36-32;C:\Users\Endo\AppData\Local\Programs\Python\Python36-32\Scripts;
USERNAME=Endo
OS=Windows_NT
PROCESSOR_IDENTIFIER=Intel64 Family 6 Model 58 Stepping 9, GenuineIntel



---------------  S Y S T E M  ---------------

OS: Windows 10.0 , 64 bit Build 16299 (10.0.16299.431)

CPU:total 8 (initial active 8) (4 cores per cpu, 2 threads per core) family 6 model 58 stepping 9, cmov, cx8, fxsr, mmx, sse, sse2, sse3, ssse3, sse4.1, sse4.2, popcnt, avx, aes, clmul, erms, ht, tsc, tscinvbit, tscinv

Memory: 4k page, physical 8285464k(844040k free), swap 8285464k(2080k free)

vm_info: OpenJDK 64-Bit Server VM (25.152-b02) for windows-amd64 JRE (1.8.0_152-release-1024-b02), built by "builder" with MS VC++ 10.0 (VS2010)

time: Thu Jul 26 14:41:46 2018
elapsed time: 2 seconds (0d 0h 0m 2s)

