#
# There is insufficient memory for the Java Runtime Environment to continue.
# Native memory allocation (malloc) failed to allocate 2284016 bytes for Chunk::new
# Possible reasons:
#   The system is out of physical RAM or swap space
#   In 32 bit mode, the process size limit was hit
# Possible solutions:
#   Reduce memory load on the system
#   Increase physical memory or swap space
#   Check if swap backing store is full
#   Use 64 bit Java on a 64 bit OS
#   Decrease Java heap size (-Xmx/-Xms)
#   Decrease number of Java threads
#   Decrease Java thread stack sizes (-Xss)
#   Set larger code cache with -XX:ReservedCodeCacheSize=
# This output file may be truncated or incomplete.
#
#  Out of Memory Error (allocation.cpp:390), pid=12340, tid=0x0000000000003270
#
# JRE version: OpenJDK Runtime Environment (8.0_152-b02) (build 1.8.0_152-release-1024-b02)
# Java VM: OpenJDK 64-Bit Server VM (25.152-b02 mixed mode windows-amd64 compressed oops)
# Failed to write core dump. Minidumps are not enabled by default on client versions of Windows
#

---------------  T H R E A D  ---------------

Current thread (0x000000001a2fa000):  JavaThread "C2 CompilerThread0" daemon [_thread_in_native, id=12912, stack(0x000000001aad0000,0x000000001abd0000)]

Stack: [0x000000001aad0000,0x000000001abd0000]
[error occurred during error reporting (printing stack bounds), id 0xc0000005]

Native frames: (J=compiled Java code, j=interpreted, Vv=VM code, C=native code)


Current CompileTask:
C2:   2115 1330       4       java.net.URLClassLoader$1::run (5 bytes)


---------------  P R O C E S S  ---------------

Java Threads: ( => current thread )
  0x000000001e270800 JavaThread "Cache worker for file hash cache (C:\Users\Endo\AndroidStudioProjects\Pyvela\.gradle\4.4\fileHashes)" [_thread_blocked, id=13248, stack(0x000000001edf0000,0x000000001eef0000)]
  0x000000001c180800 JavaThread "File lock request listener" [_thread_in_native, id=6460, stack(0x000000001dd20000,0x000000001de20000)]
  0x000000001c178000 JavaThread "Cache worker for file hash cache (C:\Users\Endo\.gradle\caches\4.4\fileHashes)" [_thread_in_vm, id=10452, stack(0x000000001dc20000,0x000000001dd20000)]
  0x000000001c115000 JavaThread "Stdin handler" [_thread_blocked, id=13300, stack(0x000000001d820000,0x000000001d920000)]
  0x000000001c111000 JavaThread "Asynchronous log dispatcher for DefaultDaemonConnection: socket connection from /127.0.0.1:63760 to /127.0.0.1:63761" [_thread_blocked, id=8816, stack(0x000000001d720000,0x000000001d820000)]
  0x000000001c123800 JavaThread "Daemon worker" [_thread_blocked, id=7792, stack(0x000000001d620000,0x000000001d720000)]
  0x000000001c123000 JavaThread "Cancel handler" [_thread_blocked, id=6728, stack(0x000000001d520000,0x000000001d620000)]
  0x000000001c270000 JavaThread "Handler for socket connection from /127.0.0.1:63760 to /127.0.0.1:63761" [_thread_in_native, id=7896, stack(0x000000001d220000,0x000000001d320000)]
  0x000000001c26f000 JavaThread "Daemon" [_thread_blocked, id=10168, stack(0x000000001d120000,0x000000001d220000)]
  0x000000001c25a800 JavaThread "Daemon periodic checks" [_thread_blocked, id=1636, stack(0x000000001d020000,0x000000001d120000)]
  0x000000001c279000 JavaThread "Incoming local TCP Connector on port 63760" [_thread_in_native, id=10368, stack(0x000000001cde0000,0x000000001cee0000)]
  0x000000001a394000 JavaThread "Service Thread" daemon [_thread_blocked, id=2280, stack(0x000000001aed0000,0x000000001afd0000)]
  0x000000001a303800 JavaThread "C1 CompilerThread3" daemon [_thread_blocked, id=5588, stack(0x000000001add0000,0x000000001aed0000)]
  0x000000001a2fc800 JavaThread "C2 CompilerThread2" daemon [_thread_in_native, id=12508, stack(0x000000001acd0000,0x000000001add0000)]
  0x000000001a2fc000 JavaThread "C2 CompilerThread1" daemon [_thread_blocked, id=13304, stack(0x000000001abd0000,0x000000001acd0000)]
=>0x000000001a2fa000 JavaThread "C2 CompilerThread0" daemon [_thread_in_native, id=12912, stack(0x000000001aad0000,0x000000001abd0000)]
  0x000000001a2f8000 JavaThread "Attach Listener" daemon [_thread_blocked, id=13220, stack(0x000000001a9d0000,0x000000001aad0000)]
  0x000000001a2f7000 JavaThread "Signal Dispatcher" daemon [_thread_blocked, id=12600, stack(0x000000001a8d0000,0x000000001a9d0000)]
  0x000000001a2f1800 JavaThread "Finalizer" daemon [_thread_blocked, id=3348, stack(0x000000001a6d0000,0x000000001a7d0000)]
  0x00000000183db000 JavaThread "Reference Handler" daemon [_thread_blocked, id=9252, stack(0x000000001a1d0000,0x000000001a2d0000)]
  0x000000000441d800 JavaThread "main" [_thread_blocked, id=11308, stack(0x0000000004420000,0x0000000004520000)]

Other Threads:
  0x00000000183d7000 VMThread [stack: 0x000000001a0d0000,0x000000001a1d0000] [id=12252]
  0x000000001a330800 WatcherThread [stack: 0x000000001afd0000,0x000000001b0d0000] [id=12456]

VM state:not at safepoint (normal execution)

VM Mutex/Monitor currently owned by a thread: None

Heap:
 PSYoungGen      total 38400K, used 31820K [0x00000000e0000000, 0x00000000e4b00000, 0x0000000100000000)
  eden space 33280K, 80% used [0x00000000e0000000,0x00000000e1a16fb0,0x00000000e2080000)
  from space 5120K, 99% used [0x00000000e2080000,0x00000000e257c1f8,0x00000000e2580000)
  to   space 5120K, 0% used [0x00000000e4600000,0x00000000e4600000,0x00000000e4b00000)
 ParOldGen       total 87552K, used 2507K [0x00000000a0000000, 0x00000000a5580000, 0x00000000e0000000)
  object space 87552K, 2% used [0x00000000a0000000,0x00000000a0272e28,0x00000000a5580000)
 Metaspace       used 16978K, capacity 17298K, committed 17536K, reserved 1064960K
  class space    used 2446K, capacity 2579K, committed 2688K, reserved 1048576K

Card table byte_map: [0x00000000139e0000,0x0000000013cf0000] byte_map_base: 0x00000000134e0000

Marking Bits: (ParMarkBitMap*) 0x000000006f7a4970
 Begin Bits: [0x00000000146f0000, 0x0000000015ef0000)
 End Bits:   [0x0000000015ef0000, 0x00000000176f0000)

Polling page: 0x0000000002560000

CodeCache: size=245760Kb used=5228Kb max_used=5239Kb free=240531Kb
 bounds [0x0000000004620000, 0x0000000004b50000, 0x0000000013620000]
 total_blobs=1907 nmethods=1531 adapters=289
 compilation: enabled

Compilation events (10 events):
Event: 2.088 Thread 0x000000001a2fc000 1530       4       java.util.Arrays::copyOf (19 bytes)
Event: 2.089 Thread 0x000000001a303800 1531       3       java.lang.reflect.Constructor::newInstance (87 bytes)
Event: 2.090 Thread 0x000000001a303800 nmethod 1531 0x0000000004b3b090 code [0x0000000004b3b280, 0x0000000004b3b9a8]
Event: 2.090 Thread 0x000000001a2fc000 nmethod 1530 0x0000000004b39750 code [0x0000000004b398a0, 0x0000000004b39a98]
Event: 2.094 Thread 0x000000001a303800 1533       3       java.util.IdentityHashMap::get (60 bytes)
Event: 2.094 Thread 0x000000001a303800 nmethod 1533 0x0000000004b3a810 code [0x0000000004b3a9c0, 0x0000000004b3ae68]
Event: 2.094 Thread 0x000000001a303800 1532   !   3       org.gradle.internal.service.DefaultServiceRegistry::doGet (102 bytes)
Event: 2.095 Thread 0x000000001a303800 nmethod 1532 0x0000000004b3d510 code [0x0000000004b3d7e0, 0x0000000004b3ee38]
Event: 2.105 Thread 0x000000001a2fc000 1534       4       java.lang.ReflectiveOperationException::<init> (7 bytes)
Event: 2.107 Thread 0x000000001a2fc000 nmethod 1534 0x0000000004b3a1d0 code [0x0000000004b3a320, 0x0000000004b3a688]

GC Heap History (6 events):
Event: 0.719 GC heap before
{Heap before GC invocations=1 (full 0):
 PSYoungGen      total 38400K, used 33280K [0x00000000e0000000, 0x00000000e2a80000, 0x0000000100000000)
  eden space 33280K, 100% used [0x00000000e0000000,0x00000000e2080000,0x00000000e2080000)
  from space 5120K, 0% used [0x00000000e2580000,0x00000000e2580000,0x00000000e2a80000)
  to   space 5120K, 0% used [0x00000000e2080000,0x00000000e2080000,0x00000000e2580000)
 ParOldGen       total 87552K, used 0K [0x00000000a0000000, 0x00000000a5580000, 0x00000000e0000000)
  object space 87552K, 0% used [0x00000000a0000000,0x00000000a0000000,0x00000000a5580000)
 Metaspace       used 6891K, capacity 7056K, committed 7424K, reserved 1056768K
  class space    used 843K, capacity 909K, committed 1024K, reserved 1048576K
Event: 0.724 GC heap after
Heap after GC invocations=1 (full 0):
 PSYoungGen      total 38400K, used 4296K [0x00000000e0000000, 0x00000000e2a80000, 0x0000000100000000)
  eden space 33280K, 0% used [0x00000000e0000000,0x00000000e0000000,0x00000000e2080000)
  from space 5120K, 83% used [0x00000000e2080000,0x00000000e24b22f8,0x00000000e2580000)
  to   space 5120K, 0% used [0x00000000e2580000,0x00000000e2580000,0x00000000e2a80000)
 ParOldGen       total 87552K, used 8K [0x00000000a0000000, 0x00000000a5580000, 0x00000000e0000000)
  object space 87552K, 0% used [0x00000000a0000000,0x00000000a0002000,0x00000000a5580000)
 Metaspace       used 6891K, capacity 7056K, committed 7424K, reserved 1056768K
  class space    used 843K, capacity 909K, committed 1024K, reserved 1048576K
}
Event: 1.491 GC heap before
{Heap before GC invocations=2 (full 0):
 PSYoungGen      total 38400K, used 37576K [0x00000000e0000000, 0x00000000e2a80000, 0x0000000100000000)
  eden space 33280K, 100% used [0x00000000e0000000,0x00000000e2080000,0x00000000e2080000)
  from space 5120K, 83% used [0x00000000e2080000,0x00000000e24b22f8,0x00000000e2580000)
  to   space 5120K, 0% used [0x00000000e2580000,0x00000000e2580000,0x00000000e2a80000)
 ParOldGen       total 87552K, used 8K [0x00000000a0000000, 0x00000000a5580000, 0x00000000e0000000)
  object space 87552K, 0% used [0x00000000a0000000,0x00000000a0002000,0x00000000a5580000)
 Metaspace       used 11627K, capacity 11960K, committed 12160K, reserved 1060864K
  class space    used 1537K, capacity 1640K, committed 1664K, reserved 1048576K
Event: 1.499 GC heap after
Heap after GC invocations=2 (full 0):
 PSYoungGen      total 38400K, used 5119K [0x00000000e0000000, 0x00000000e2a80000, 0x0000000100000000)
  eden space 33280K, 0% used [0x00000000e0000000,0x00000000e0000000,0x00000000e2080000)
  from space 5120K, 99% used [0x00000000e2580000,0x00000000e2a7ff10,0x00000000e2a80000)
  to   space 5120K, 0% used [0x00000000e2080000,0x00000000e2080000,0x00000000e2580000)
 ParOldGen       total 87552K, used 480K [0x00000000a0000000, 0x00000000a5580000, 0x00000000e0000000)
  object space 87552K, 0% used [0x00000000a0000000,0x00000000a00782a8,0x00000000a5580000)
 Metaspace       used 11627K, capacity 11960K, committed 12160K, reserved 1060864K
  class space    used 1537K, capacity 1640K, committed 1664K, reserved 1048576K
}
Event: 1.799 GC heap before
{Heap before GC invocations=3 (full 0):
 PSYoungGen      total 38400K, used 38399K [0x00000000e0000000, 0x00000000e2a80000, 0x0000000100000000)
  eden space 33280K, 100% used [0x00000000e0000000,0x00000000e2080000,0x00000000e2080000)
  from space 5120K, 99% used [0x00000000e2580000,0x00000000e2a7ff10,0x00000000e2a80000)
  to   space 5120K, 0% used [0x00000000e2080000,0x00000000e2080000,0x00000000e2580000)
 ParOldGen       total 87552K, used 480K [0x00000000a0000000, 0x00000000a5580000, 0x00000000e0000000)
  object space 87552K, 0% used [0x00000000a0000000,0x00000000a00782a8,0x00000000a5580000)
 Metaspace       used 14423K, capacity 14746K, committed 14976K, reserved 1062912K
  class space    used 2020K, capacity 2159K, committed 2176K, reserved 1048576K
Event: 1.804 GC heap after
Heap after GC invocations=3 (full 0):
 PSYoungGen      total 38400K, used 5104K [0x00000000e0000000, 0x00000000e4b00000, 0x0000000100000000)
  eden space 33280K, 0% used [0x00000000e0000000,0x00000000e0000000,0x00000000e2080000)
  from space 5120K, 99% used [0x00000000e2080000,0x00000000e257c1f8,0x00000000e2580000)
  to   space 5120K, 0% used [0x00000000e4600000,0x00000000e4600000,0x00000000e4b00000)
 ParOldGen       total 87552K, used 2507K [0x00000000a0000000, 0x00000000a5580000, 0x00000000e0000000)
  object space 87552K, 2% used [0x00000000a0000000,0x00000000a0272e28,0x00000000a5580000)
 Metaspace       used 14423K, capacity 14746K, committed 14976K, reserved 1062912K
  class space    used 2020K, capacity 2159K, committed 2176K, reserved 1048576K
}

Deoptimization events (10 events):
Event: 1.551 Thread 0x000000001c123800 Uncommon trap: reason=bimorphic action=maybe_recompile pc=0x000000000495ac14 method=java.util.HashMap.putVal(ILjava/lang/Object;Ljava/lang/Object;ZZ)Ljava/lang/Object; @ 253
Event: 1.551 Thread 0x000000001c123800 Uncommon trap: reason=bimorphic action=maybe_recompile pc=0x000000000495ac14 method=java.util.HashMap.putVal(ILjava/lang/Object;Ljava/lang/Object;ZZ)Ljava/lang/Object; @ 253
Event: 1.551 Thread 0x000000001c123800 Uncommon trap: reason=bimorphic action=maybe_recompile pc=0x000000000495ac14 method=java.util.HashMap.putVal(ILjava/lang/Object;Ljava/lang/Object;ZZ)Ljava/lang/Object; @ 253
Event: 1.562 Thread 0x000000001c123800 Uncommon trap: reason=class_check action=maybe_recompile pc=0x00000000048c9798 method=java.util.regex.Matcher.match(II)Z @ 86
Event: 1.751 Thread 0x000000001c123800 Uncommon trap: reason=class_check action=maybe_recompile pc=0x00000000048c9798 method=java.util.regex.Matcher.match(II)Z @ 86
Event: 1.752 Thread 0x000000001c123800 Uncommon trap: reason=class_check action=maybe_recompile pc=0x0000000004899c9c method=java.util.regex.Matcher.match(II)Z @ 86
Event: 1.805 Thread 0x000000001c123800 Uncommon trap: reason=unstable_if action=reinterpret pc=0x0000000004a8e974 method=java.lang.String.lastIndexOf([CII[CIII)I @ 66
Event: 2.035 Thread 0x000000001c123800 Uncommon trap: reason=unstable_if action=reinterpret pc=0x0000000004779248 method=java.net.URI.match(CJJ)Z @ 19
Event: 2.035 Thread 0x000000001c123800 Uncommon trap: reason=unstable_if action=reinterpret pc=0x00000000048d3600 method=java.net.URI.match(CJJ)Z @ 19
Event: 2.074 Thread 0x000000001c123800 Uncommon trap: reason=unstable_if action=reinterpret pc=0x00000000048ca600 method=java.io.File.getName()Ljava/lang/String; @ 16

Classes redefined (0 events):
No events

Internal exceptions (10 events):
Event: 1.517 Thread 0x000000001c270000 Exception <a 'java/lang/NoSuchMethodError': <clinit>> (0x00000000e01110d8) thrown at [D:\src\AOSP-openjdk-cygwin\jdk8u\hotspot\src\share\vm\prims\jni.cpp, line 1613]
Event: 1.519 Thread 0x000000001c270000 Exception <a 'java/lang/NoSuchMethodError': <clinit>> (0x00000000e01349c8) thrown at [D:\src\AOSP-openjdk-cygwin\jdk8u\hotspot\src\share\vm\prims\jni.cpp, line 1613]
Event: 1.522 Thread 0x000000001c270000 Exception <a 'java/lang/NoSuchMethodError': <clinit>> (0x00000000e014f8f8) thrown at [D:\src\AOSP-openjdk-cygwin\jdk8u\hotspot\src\share\vm\prims\jni.cpp, line 1613]
Event: 1.524 Thread 0x000000001c270000 Exception <a 'java/lang/NoSuchMethodError': <clinit>> (0x00000000e01725b8) thrown at [D:\src\AOSP-openjdk-cygwin\jdk8u\hotspot\src\share\vm\prims\jni.cpp, line 1613]
Event: 1.543 Thread 0x000000001c123800 Exception <a 'java/lang/NoSuchMethodError': <clinit>> (0x00000000e02ece30) thrown at [D:\src\AOSP-openjdk-cygwin\jdk8u\hotspot\src\share\vm\prims\jni.cpp, line 1613]
Event: 1.543 Thread 0x000000001c123800 Exception <a 'java/lang/NoSuchMethodError': <clinit>> (0x00000000e02f50b8) thrown at [D:\src\AOSP-openjdk-cygwin\jdk8u\hotspot\src\share\vm\prims\jni.cpp, line 1613]
Event: 2.087 Thread 0x000000001c123800 Exception <a 'java/lang/NoSuchMethodError': <clinit>> (0x00000000e1797838) thrown at [D:\src\AOSP-openjdk-cygwin\jdk8u\hotspot\src\share\vm\prims\jni.cpp, line 1613]
Event: 2.087 Thread 0x000000001c123800 Exception <a 'java/lang/NoSuchMethodError': <clinit>> (0x00000000e179a1d8) thrown at [D:\src\AOSP-openjdk-cygwin\jdk8u\hotspot\src\share\vm\prims\jni.cpp, line 1613]
Event: 2.088 Thread 0x000000001c123800 Exception <a 'java/lang/NoSuchMethodError': <clinit>> (0x00000000e17a77c8) thrown at [D:\src\AOSP-openjdk-cygwin\jdk8u\hotspot\src\share\vm\prims\jni.cpp, line 1613]
Event: 2.089 Thread 0x000000001c123800 Exception <a 'java/lang/NoSuchMethodError': <clinit>> (0x00000000e17b2f48) thrown at [D:\src\AOSP-openjdk-cygwin\jdk8u\hotspot\src\share\vm\prims\jni.cpp, line 1613]

Events (10 events):
Event: 2.110 loading class org/gradle/cache/internal/CacheAccessWorker$ShutdownOperationsCommand
Event: 2.110 loading class org/gradle/cache/internal/CacheAccessWorker$ShutdownOperationsCommand done
Event: 2.110 loading class org/gradle/cache/internal/CacheAccessWorker$FlushOperationsCommand
Event: 2.110 loading class org/gradle/cache/internal/CacheAccessWorker$FlushOperationsCommand done
Event: 2.111 loading class org/gradle/cache/internal/CacheAccessWorker$2
Event: 2.111 loading class org/gradle/cache/internal/CacheAccessWorker$2 done
Event: 2.111 loading class org/gradle/cache/internal/DefaultMultiProcessSafePersistentIndexedCache$5
Event: 2.111 loading class org/gradle/cache/internal/DefaultMultiProcessSafePersistentIndexedCache$5 done
Event: 2.111 loading class org/gradle/cache/internal/btree/BTreePersistentIndexedCache
Event: 2.111 loading class org/gradle/cache/internal/btree/BTreePersistentIndexedCache done


Dynamic libraries:
0x00007ff6d39d0000 - 0x00007ff6d3a01000 	C:\Program Files\Android\Android Studio\jre\bin\java.exe
0x00007ffd418d0000 - 0x00007ffd41ab0000 	C:\Windows\SYSTEM32\ntdll.dll
0x00007ffd3eda0000 - 0x00007ffd3ee4e000 	C:\Windows\System32\KERNEL32.DLL
0x00007ffd3ea60000 - 0x00007ffd3ecc6000 	C:\Windows\System32\KERNELBASE.dll
0x00007ffd3fac0000 - 0x00007ffd3fb61000 	C:\Windows\System32\ADVAPI32.dll
0x00007ffd3fca0000 - 0x00007ffd3fd3d000 	C:\Windows\System32\msvcrt.dll
0x00007ffd3ee70000 - 0x00007ffd3eecb000 	C:\Windows\System32\sechost.dll
0x00007ffd3eed0000 - 0x00007ffd3efef000 	C:\Windows\System32\RPCRT4.dll
0x00007ffd3f690000 - 0x00007ffd3f81f000 	C:\Windows\System32\USER32.dll
0x00007ffd3dd30000 - 0x00007ffd3dd50000 	C:\Windows\System32\win32u.dll
0x00007ffd40290000 - 0x00007ffd402b8000 	C:\Windows\System32\GDI32.dll
0x00007ffd3e720000 - 0x00007ffd3e8b3000 	C:\Windows\System32\gdi32full.dll
0x00007ffd3e8c0000 - 0x00007ffd3e95b000 	C:\Windows\System32\msvcp_win.dll
0x00007ffd3e960000 - 0x00007ffd3ea55000 	C:\Windows\System32\ucrtbase.dll
0x00007ffd2f070000 - 0x00007ffd2f2d9000 	C:\Windows\WinSxS\amd64_microsoft.windows.common-controls_6595b64144ccf1df_6.0.16299.547_none_15cdd76c936033f5\COMCTL32.dll
0x00007ffd3f260000 - 0x00007ffd3f567000 	C:\Windows\System32\combase.dll
0x00007ffd3ed20000 - 0x00007ffd3ed92000 	C:\Windows\System32\bcryptPrimitives.dll
0x00007ffd3eff0000 - 0x00007ffd3f01d000 	C:\Windows\System32\IMM32.DLL
0x000000006edf0000 - 0x000000006eec2000 	C:\Program Files\Android\Android Studio\jre\jre\bin\msvcr100.dll
0x000000006efe0000 - 0x000000006f81f000 	C:\Program Files\Android\Android Studio\jre\jre\bin\server\jvm.dll
0x00007ffd3f250000 - 0x00007ffd3f258000 	C:\Windows\System32\PSAPI.DLL
0x00007ffd39370000 - 0x00007ffd39379000 	C:\Windows\SYSTEM32\WSOCK32.dll
0x00007ffd3bed0000 - 0x00007ffd3bef3000 	C:\Windows\SYSTEM32\WINMM.dll
0x00007ffd34220000 - 0x00007ffd3422a000 	C:\Windows\SYSTEM32\VERSION.dll
0x00007ffd3fa50000 - 0x00007ffd3fabc000 	C:\Windows\System32\WS2_32.dll
0x00007ffd3be70000 - 0x00007ffd3be9a000 	C:\Windows\SYSTEM32\WINMMBASE.dll
0x00007ffd3ecd0000 - 0x00007ffd3ed1a000 	C:\Windows\System32\cfgmgr32.dll
0x00007ffd39070000 - 0x00007ffd3907f000 	C:\Program Files\Android\Android Studio\jre\jre\bin\verify.dll
0x00007ffd31960000 - 0x00007ffd31989000 	C:\Program Files\Android\Android Studio\jre\jre\bin\java.dll
0x00007ffd347b0000 - 0x00007ffd347c6000 	C:\Program Files\Android\Android Studio\jre\jre\bin\zip.dll
0x00007ffd402c0000 - 0x00007ffd416f8000 	C:\Windows\System32\SHELL32.dll
0x00007ffd3f9a0000 - 0x00007ffd3fa46000 	C:\Windows\System32\shcore.dll
0x00007ffd3dd50000 - 0x00007ffd3e497000 	C:\Windows\System32\windows.storage.dll
0x00007ffd3fc40000 - 0x00007ffd3fc91000 	C:\Windows\System32\shlwapi.dll
0x00007ffd3dcb0000 - 0x00007ffd3dcc1000 	C:\Windows\System32\kernel.appcore.dll
0x00007ffd3dc20000 - 0x00007ffd3dc6c000 	C:\Windows\System32\powrprof.dll
0x00007ffd3dc70000 - 0x00007ffd3dc8b000 	C:\Windows\System32\profapi.dll
0x00007ffd2f340000 - 0x00007ffd2f35a000 	C:\Program Files\Android\Android Studio\jre\jre\bin\net.dll
0x00007ffd3d450000 - 0x00007ffd3d4b6000 	C:\Windows\system32\mswsock.dll
0x00007ffd2ee60000 - 0x00007ffd2ee71000 	C:\Program Files\Android\Android Studio\jre\jre\bin\nio.dll
0x00007ffd2c5e0000 - 0x00007ffd2c5fe000 	C:\Users\Endo\.gradle\native\25\windows-amd64\native-platform.dll
0x00007ffd342b0000 - 0x00007ffd342bd000 	C:\Program Files\Android\Android Studio\jre\jre\bin\management.dll
0x00007ffd3d610000 - 0x00007ffd3d627000 	C:\Windows\SYSTEM32\CRYPTSP.dll
0x00007ffd3d050000 - 0x00007ffd3d083000 	C:\Windows\system32\rsaenh.dll
0x00007ffd3d720000 - 0x00007ffd3d745000 	C:\Windows\SYSTEM32\bcrypt.dll
0x00007ffd3db20000 - 0x00007ffd3db49000 	C:\Windows\SYSTEM32\USERENV.dll
0x00007ffd3d630000 - 0x00007ffd3d63b000 	C:\Windows\SYSTEM32\CRYPTBASE.dll
0x00007ffd3d1e0000 - 0x00007ffd3d219000 	C:\Windows\SYSTEM32\IPHLPAPI.DLL
0x00007ffd3f990000 - 0x00007ffd3f998000 	C:\Windows\System32\NSI.dll
0x00007ffd38110000 - 0x00007ffd38126000 	C:\Windows\SYSTEM32\dhcpcsvc6.DLL
0x00007ffd38640000 - 0x00007ffd3865a000 	C:\Windows\SYSTEM32\dhcpcsvc.DLL

VM Arguments:
jvm_args: -Xmx1536m -Dfile.encoding=windows-1251 -Duser.country=RU -Duser.language=ru -Duser.variant 
java_command: org.gradle.launcher.daemon.bootstrap.GradleDaemon 4.4
java_class_path (initial): C:\Users\Endo\.gradle\wrapper\dists\gradle-4.4-all\9br9xq1tocpiv8o6njlyu5op1\gradle-4.4\lib\gradle-launcher-4.4.jar
Launcher Type: SUN_STANDARD

Environment Variables:
JAVA_HOME=C:\Program Files (x86)\Java\jdk1.8.0_172
PATH=C:\Program Files (x86)\Common Files\Oracle\Java\javapath;C:\Windows\system32;C:\Windows;C:\Windows\System32\Wbem;C:\Windows\System32\WindowsPowerShell\v1.0\;C:\Program Files\dotnet\;C:\Program Files\Git\cmd;C:\Program Files (x86)\NVIDIA Corporation\PhysX\Common;C:\Program Files (x86)\Common Files\Acronis\SnapAPI\;C:\Program Files\Microsoft VS Code\bin;C:\Users\Endo\AppData\Local\Microsoft\WindowsApps;C:\Users\Endo\AppData\Local\atom\bin;C:\MinGW\bin;C:\Program Files\Java\jdk1.8.0_172\bin;C:\Program Files\Java\jdk1.8.0_172\bin\javac.exe;C:\Users\Endo\AppData\Local\Programs\Python\Python36-32;C:\Users\Endo\AppData\Local\Programs\Python\Python36-32\Scripts;
USERNAME=Endo
OS=Windows_NT
PROCESSOR_IDENTIFIER=Intel64 Family 6 Model 58 Stepping 9, GenuineIntel



---------------  S Y S T E M  ---------------

OS: Windows 10.0 , 64 bit Build 16299 (10.0.16299.431)

CPU:total 8 (initial active 8) (4 cores per cpu, 2 threads per core) family 6 model 58 stepping 9, cmov, cx8, fxsr, mmx, sse, sse2, sse3, ssse3, sse4.1, sse4.2, popcnt, avx, aes, clmul, erms, ht, tsc, tscinvbit, tscinv

Memory: 4k page, physical 8285464k(871624k free), swap 8285464k(6556k free)

vm_info: OpenJDK 64-Bit Server VM (25.152-b02) for windows-amd64 JRE (1.8.0_152-release-1024-b02), built by "builder" with MS VC++ 10.0 (VS2010)

time: Thu Jul 26 14:44:03 2018
elapsed time: 2 seconds (0d 0h 0m 2s)

